*** Starting uWSGI 2.0.17.1 (64bit) on [Wed Jul 18 18:10:48 2018] ***
compiled with version: 4.8.4 on 18 July 2018 09:09:43
os: Linux-3.13.0-128-generic #177-Ubuntu SMP Tue Aug 8 11:40:23 UTC 2017
nodename: VM-138-164-ubuntu
machine: x86_64
clock source: unix
detected number of CPU cores: 1
current working directory: /home/lzq/wechat/script
writing pidfile to /home/lzq/wechat/script/uwsgi.pid
detected binary path: /usr/local/bin/uwsgi
!!! no internal routing support, rebuild with pcre support !!!
*** WARNING: you are running uWSGI as root !!! (use the --uid flag) *** 
chdir() to /home/lzq/wechat/
your processes number limit is 14821
your memory page size is 4096 bytes
detected max file descriptor number: 1024
building mime-types dictionary from file /etc/mime.types...536 entry found
lock engine: pthread robust mutexes
thunder lock: enabled
uwsgi socket 0 bound to UNIX address /home/lzq/wechat/script/uwsgi.sock fd 3
*** WARNING: you are running uWSGI as root !!! (use the --uid flag) *** 
Python version: 2.7.6 (default, Nov 23 2017, 15:53:45)  [GCC 4.8.4]
Python main interpreter initialized at 0x2491fd0
*** WARNING: you are running uWSGI as root !!! (use the --uid flag) *** 
python threads support enabled
your server socket listen backlog is limited to 100 connections
your mercy for graceful operations on workers is 60 seconds
mapped 486576 bytes (475 KB) for 5 cores
*** Operational MODE: preforking ***
WSGI app 0 (mountpoint='') ready in 0 seconds on interpreter 0x2491fd0 pid: 4297 (default app)
*** WARNING: you are running uWSGI as root !!! (use the --uid flag) *** 
*** uWSGI is running in multiple interpreter mode ***
spawned uWSGI master process (pid: 4297)
spawned uWSGI worker 1 (pid: 4300, cores: 1)
spawned uWSGI worker 2 (pid: 4301, cores: 1)
spawned uWSGI worker 3 (pid: 4302, cores: 1)
spawned uWSGI worker 4 (pid: 4303, cores: 1)
spawned uWSGI worker 5 (pid: 4304, cores: 1)
*** Starting uWSGI 2.0.17.1 (64bit) on [Wed Jul 18 18:18:45 2018] ***
compiled with version: 4.8.4 on 18 July 2018 09:09:43
os: Linux-3.13.0-128-generic #177-Ubuntu SMP Tue Aug 8 11:40:23 UTC 2017
nodename: VM-138-164-ubuntu
machine: x86_64
clock source: unix
detected number of CPU cores: 1
current working directory: /home/lzq/wechat/script
writing pidfile to /home/lzq/wechat/script/uwsgi.pid
detected binary path: /usr/local/bin/uwsgi
!!! no internal routing support, rebuild with pcre support !!!
*** WARNING: you are running uWSGI as root !!! (use the --uid flag) *** 
chdir() to /home/lzq/wechat/
your processes number limit is 14821
your memory page size is 4096 bytes
detected max file descriptor number: 1024
lock engine: pthread robust mutexes
thunder lock: disabled (you can enable it with --thunder-lock)
uwsgi socket 0 bound to UNIX address /home/lzq/wechat/script/uwsgi.sock fd 3
*** WARNING: you are running uWSGI as root !!! (use the --uid flag) *** 
Python version: 2.7.6 (default, Nov 23 2017, 15:53:45)  [GCC 4.8.4]
Python main interpreter initialized at 0x1d70a70
*** WARNING: you are running uWSGI as root !!! (use the --uid flag) *** 
python threads support enabled
your server socket listen backlog is limited to 100 connections
your mercy for graceful operations on workers is 60 seconds
mapped 729920 bytes (712 KB) for 32 cores
*** Operational MODE: preforking+threaded ***
added /home/lzq/wechat/search_Engines/ to pythonpath.
added /home/lzq/wechat/search_Engines/ to pythonpath.
WSGI app 0 (mountpoint='') ready in 1 seconds on interpreter 0x1d70a70 pid: 4707 (default app)
*** WARNING: you are running uWSGI as root !!! (use the --uid flag) *** 
*** uWSGI is running in multiple interpreter mode ***
spawned uWSGI master process (pid: 4707)
spawned uWSGI worker 1 (pid: 4710, cores: 8)
spawned uWSGI worker 2 (pid: 4711, cores: 8)
spawned uWSGI worker 3 (pid: 4712, cores: 8)
spawned uWSGI worker 4 (pid: 4713, cores: 8)
*** Starting uWSGI 2.0.17.1 (64bit) on [Wed Jul 18 18:19:01 2018] ***
compiled with version: 4.8.4 on 18 July 2018 09:09:43
os: Linux-3.13.0-128-generic #177-Ubuntu SMP Tue Aug 8 11:40:23 UTC 2017
nodename: VM-138-164-ubuntu
machine: x86_64
clock source: unix
detected number of CPU cores: 1
current working directory: /home/lzq/wechat/script
writing pidfile to /home/lzq/wechat/script/uwsgi.pid
detected binary path: /usr/local/bin/uwsgi
!!! no internal routing support, rebuild with pcre support !!!
*** WARNING: you are running uWSGI as root !!! (use the --uid flag) *** 
chdir() to /home/lzq/wechat/
your processes number limit is 14821
your memory page size is 4096 bytes
detected max file descriptor number: 1024
lock engine: pthread robust mutexes
thunder lock: disabled (you can enable it with --thunder-lock)
uwsgi socket 0 bound to UNIX address /home/lzq/wechat/script/uwsgi.sock fd 3
*** WARNING: you are running uWSGI as root !!! (use the --uid flag) *** 
Python version: 2.7.6 (default, Nov 23 2017, 15:53:45)  [GCC 4.8.4]
Python main interpreter initialized at 0x19cda70
*** WARNING: you are running uWSGI as root !!! (use the --uid flag) *** 
python threads support enabled
your server socket listen backlog is limited to 100 connections
your mercy for graceful operations on workers is 60 seconds
mapped 729920 bytes (712 KB) for 32 cores
*** Operational MODE: preforking+threaded ***
added /home/lzq/wechat/search_Engines/ to pythonpath.
added /home/lzq/wechat/search_Engines/ to pythonpath.
WSGI app 0 (mountpoint='') ready in 0 seconds on interpreter 0x19cda70 pid: 4760 (default app)
*** WARNING: you are running uWSGI as root !!! (use the --uid flag) *** 
*** uWSGI is running in multiple interpreter mode ***
spawned uWSGI master process (pid: 4760)
spawned uWSGI worker 1 (pid: 4763, cores: 8)
spawned uWSGI worker 2 (pid: 4764, cores: 8)
spawned uWSGI worker 3 (pid: 4765, cores: 8)
spawned uWSGI worker 4 (pid: 4766, cores: 8)
*** Starting uWSGI 2.0.17.1 (64bit) on [Wed Jul 18 18:19:32 2018] ***
compiled with version: 4.8.4 on 18 July 2018 09:09:43
os: Linux-3.13.0-128-generic #177-Ubuntu SMP Tue Aug 8 11:40:23 UTC 2017
nodename: VM-138-164-ubuntu
machine: x86_64
clock source: unix
detected number of CPU cores: 1
current working directory: /home/lzq/wechat/script
writing pidfile to /home/lzq/wechat/script/uwsgi.pid
detected binary path: /usr/local/bin/uwsgi
!!! no internal routing support, rebuild with pcre support !!!
*** WARNING: you are running uWSGI as root !!! (use the --uid flag) *** 
chdir() to /home/lzq/wechat/
your processes number limit is 14821
your memory page size is 4096 bytes
detected max file descriptor number: 1024
lock engine: pthread robust mutexes
thunder lock: disabled (you can enable it with --thunder-lock)
uwsgi socket 0 bound to UNIX address /home/lzq/wechat/script/uwsgi.sock fd 3
*** WARNING: you are running uWSGI as root !!! (use the --uid flag) *** 
Python version: 2.7.6 (default, Nov 23 2017, 15:53:45)  [GCC 4.8.4]
Python main interpreter initialized at 0x25ab020
*** WARNING: you are running uWSGI as root !!! (use the --uid flag) *** 
python threads support enabled
your server socket listen backlog is limited to 100 connections
your mercy for graceful operations on workers is 60 seconds
mapped 729920 bytes (712 KB) for 32 cores
*** Operational MODE: preforking+threaded ***
WSGI app 0 (mountpoint='') ready in 0 seconds on interpreter 0x25ab020 pid: 4814 (default app)
*** WARNING: you are running uWSGI as root !!! (use the --uid flag) *** 
*** uWSGI is running in multiple interpreter mode ***
spawned uWSGI master process (pid: 4814)
spawned uWSGI worker 1 (pid: 4817, cores: 8)
spawned uWSGI worker 2 (pid: 4818, cores: 8)
spawned uWSGI worker 3 (pid: 4819, cores: 8)
spawned uWSGI worker 4 (pid: 4820, cores: 8)
*** Starting uWSGI 2.0.17.1 (64bit) on [Wed Jul 18 18:19:44 2018] ***
compiled with version: 4.8.4 on 18 July 2018 09:09:43
os: Linux-3.13.0-128-generic #177-Ubuntu SMP Tue Aug 8 11:40:23 UTC 2017
nodename: VM-138-164-ubuntu
machine: x86_64
clock source: unix
detected number of CPU cores: 1
current working directory: /home/lzq/wechat/script
writing pidfile to /home/lzq/wechat/script/uwsgi.pid
detected binary path: /usr/local/bin/uwsgi
!!! no internal routing support, rebuild with pcre support !!!
*** WARNING: you are running uWSGI as root !!! (use the --uid flag) *** 
chdir() to /home/lzq/wechat/
your processes number limit is 14821
your memory page size is 4096 bytes
detected max file descriptor number: 1024
lock engine: pthread robust mutexes
thunder lock: disabled (you can enable it with --thunder-lock)
uwsgi socket 0 bound to UNIX address /home/lzq/wechat/script/uwsgi.sock fd 3
*** WARNING: you are running uWSGI as root !!! (use the --uid flag) *** 
Python version: 2.7.6 (default, Nov 23 2017, 15:53:45)  [GCC 4.8.4]
Python main interpreter initialized at 0x23837b0
*** WARNING: you are running uWSGI as root !!! (use the --uid flag) *** 
python threads support enabled
your server socket listen backlog is limited to 100 connections
your mercy for graceful operations on workers is 60 seconds
mapped 729920 bytes (712 KB) for 32 cores
*** Operational MODE: preforking+threaded ***
WSGI app 0 (mountpoint='') ready in 1 seconds on interpreter 0x23837b0 pid: 4865 (default app)
*** WARNING: you are running uWSGI as root !!! (use the --uid flag) *** 
*** uWSGI is running in multiple interpreter mode ***
spawned uWSGI master process (pid: 4865)
spawned uWSGI worker 1 (pid: 4868, cores: 8)
spawned uWSGI worker 2 (pid: 4869, cores: 8)
spawned uWSGI worker 3 (pid: 4870, cores: 8)
spawned uWSGI worker 4 (pid: 4871, cores: 8)
[pid: 4868|app: 0|req: 1/1] 127.0.0.1 () {44 vars in 725 bytes} [Wed Jul 18 18:23:24 2018] GET / => generated 43 bytes in 24 msecs (HTTP/1.0 200) 2 headers in 88 bytes (2 switches on core 0)
*** Starting uWSGI 2.0.17.1 (64bit) on [Wed Jul 18 18:25:34 2018] ***
compiled with version: 4.8.4 on 18 July 2018 09:09:43
os: Linux-3.13.0-128-generic #177-Ubuntu SMP Tue Aug 8 11:40:23 UTC 2017
nodename: VM-138-164-ubuntu
machine: x86_64
clock source: unix
detected number of CPU cores: 1
current working directory: /home/lzq/wechat/script
writing pidfile to /home/lzq/wechat/script/uwsgi.pid
detected binary path: /usr/local/bin/uwsgi
!!! no internal routing support, rebuild with pcre support !!!
*** WARNING: you are running uWSGI as root !!! (use the --uid flag) *** 
chdir() to /home/lzq/wechat/
your processes number limit is 14821
your memory page size is 4096 bytes
detected max file descriptor number: 1024
lock engine: pthread robust mutexes
thunder lock: disabled (you can enable it with --thunder-lock)
uwsgi socket 0 bound to UNIX address /home/lzq/wechat/script/uwsgi.sock fd 3
*** WARNING: you are running uWSGI as root !!! (use the --uid flag) *** 
Python version: 2.7.6 (default, Nov 23 2017, 15:53:45)  [GCC 4.8.4]
Python main interpreter initialized at 0x226b7b0
*** WARNING: you are running uWSGI as root !!! (use the --uid flag) *** 
python threads support enabled
your server socket listen backlog is limited to 100 connections
your mercy for graceful operations on workers is 60 seconds
mapped 729920 bytes (712 KB) for 32 cores
*** Operational MODE: preforking+threaded ***
WSGI app 0 (mountpoint='') ready in 0 seconds on interpreter 0x226b7b0 pid: 5229 (default app)
*** WARNING: you are running uWSGI as root !!! (use the --uid flag) *** 
*** uWSGI is running in multiple interpreter mode ***
spawned uWSGI master process (pid: 5229)
spawned uWSGI worker 1 (pid: 5232, cores: 8)
spawned uWSGI worker 2 (pid: 5233, cores: 8)
spawned uWSGI worker 3 (pid: 5234, cores: 8)
spawned uWSGI worker 4 (pid: 5235, cores: 8)
[pid: 5235|app: 0|req: 1/1] 127.0.0.1 () {42 vars in 694 bytes} [Wed Jul 18 18:25:49 2018] GET / => generated 43 bytes in 18 msecs (HTTP/1.0 200) 2 headers in 88 bytes (1 switches on core 0)
[pid: 5232|app: 0|req: 1/2] 180.79.33.98 () {42 vars in 708 bytes} [Wed Jul 18 18:25:54 2018] GET / => generated 43 bytes in 19 msecs (HTTP/1.1 200) 2 headers in 88 bytes (1 switches on core 0)
[pid: 5232|app: 0|req: 2/3] 180.79.33.98 () {42 vars in 716 bytes} [Wed Jul 18 18:25:59 2018] GET /;ove => generated 78 bytes in 4 msecs (HTTP/1.1 404) 2 headers in 80 bytes (1 switches on core 1)
[pid: 5232|app: 0|req: 3/4] 180.79.33.98 () {42 vars in 718 bytes} [Wed Jul 18 18:26:03 2018] GET /love/ => generated 2834 bytes in 1 msecs (HTTP/1.1 200) 2 headers in 88 bytes (1 switches on core 2)
[pid: 5232|app: 0|req: 4/5] 180.79.33.98 () {44 vars in 769 bytes} [Wed Jul 18 18:26:03 2018] GET /static/love/666.jpg => generated 414059 bytes in 7 msecs via sendfile() (HTTP/1.1 200) 4 headers in 144 bytes (0 switches on core 2)
[pid: 5233|app: 0|req: 1/6] 180.79.33.98 () {44 vars in 765 bytes} [Wed Jul 18 18:26:03 2018] GET /static/love/1.png => generated 10930 bytes in 25 msecs via sendfile() (HTTP/1.1 200) 4 headers in 142 bytes (0 switches on core 0)
*** Starting uWSGI 2.0.17.1 (64bit) on [Wed Jul 18 18:26:39 2018] ***
compiled with version: 4.8.4 on 18 July 2018 09:09:43
os: Linux-3.13.0-128-generic #177-Ubuntu SMP Tue Aug 8 11:40:23 UTC 2017
nodename: VM-138-164-ubuntu
machine: x86_64
clock source: unix
detected number of CPU cores: 1
current working directory: /home/lzq/wechat/script
writing pidfile to /home/lzq/wechat/script/uwsgi.pid
detected binary path: /usr/local/bin/uwsgi
!!! no internal routing support, rebuild with pcre support !!!
*** WARNING: you are running uWSGI as root !!! (use the --uid flag) *** 
chdir() to /home/lzq/wechat/
your processes number limit is 14821
your memory page size is 4096 bytes
detected max file descriptor number: 1024
lock engine: pthread robust mutexes
thunder lock: disabled (you can enable it with --thunder-lock)
uwsgi socket 0 bound to UNIX address /home/lzq/wechat/script/uwsgi.sock fd 3
*** WARNING: you are running uWSGI as root !!! (use the --uid flag) *** 
Python version: 2.7.6 (default, Nov 23 2017, 15:53:45)  [GCC 4.8.4]
Python main interpreter initialized at 0x1fb17b0
*** WARNING: you are running uWSGI as root !!! (use the --uid flag) *** 
python threads support enabled
your server socket listen backlog is limited to 100 connections
your mercy for graceful operations on workers is 60 seconds
mapped 729920 bytes (712 KB) for 32 cores
*** Operational MODE: preforking+threaded ***
WSGI app 0 (mountpoint='') ready in 0 seconds on interpreter 0x1fb17b0 pid: 5324 (default app)
*** WARNING: you are running uWSGI as root !!! (use the --uid flag) *** 
*** uWSGI is running in multiple interpreter mode ***
spawned uWSGI master process (pid: 5324)
spawned uWSGI worker 1 (pid: 5328, cores: 8)
spawned uWSGI worker 2 (pid: 5329, cores: 8)
spawned uWSGI worker 3 (pid: 5330, cores: 8)
spawned uWSGI worker 4 (pid: 5331, cores: 8)
[pid: 5330|app: 0|req: 1/1] 101.226.79.232 () {36 vars in 544 bytes} [Wed Jul 18 18:26:59 2018] GET /;ove => generated 78 bytes in 25 msecs (HTTP/1.1 404) 2 headers in 80 bytes (1 switches on core 0)
[pid: 5330|app: 0|req: 2/2] 180.79.33.98 () {44 vars in 749 bytes} [Wed Jul 18 18:27:54 2018] GET /love/ => generated 2834 bytes in 2 msecs (HTTP/1.1 200) 2 headers in 88 bytes (2 switches on core 6)
